<?xml version="1.0" encoding="UTF-8" ?>
<testsuite tests="29" failures="0" name="edu.ceng.TestMain" time="8.555" errors="0" skipped="0">
  <properties>
[...]
</properties>
  <testcase classname="edu.ceng.TestMain" name="test10" time="0.217"/>
  <testcase classname="edu.ceng.TestMain" name="test11" time="0.013"/>
  <testcase classname="edu.ceng.TestMain" name="test12" time="0.003"/>
  <testcase classname="edu.ceng.TestMain" name="test13" time="0"/>
  <testcase classname="edu.ceng.TestMain" name="test14" time="0.001"/>
  <testcase classname="edu.ceng.TestMain" name="test15" time="0.002"/>
  <testcase classname="edu.ceng.TestMain" name="test16" time="0.001"/>
  <testcase classname="edu.ceng.TestMain" name="test17" time="0.001"/>
  <testcase classname="edu.ceng.TestMain" name="test18" time="0.003"/>
  <testcase classname="edu.ceng.TestMain" name="test19" time="0.004"/>
  <testcase classname="edu.ceng.TestMain" name="test20" time="0.391"/>
  <testcase classname="edu.ceng.TestMain" name="test21" time="0.286"/>
  <testcase classname="edu.ceng.TestMain" name="test22" time="3.92"/>
  <testcase classname="edu.ceng.TestMain" name="test23" time="3.682"/>
  <testcase classname="edu.ceng.TestMain" name="test24" time="0"/>
  <testcase classname="edu.ceng.TestMain" name="test25" time="0"/>
  <testcase classname="edu.ceng.TestMain" name="test26" time="0"/>
  <testcase classname="edu.ceng.TestMain" name="test27" time="0"/>
  <testcase classname="edu.ceng.TestMain" name="test28" time="0"/>
  <testcase classname="edu.ceng.TestMain" name="test29" time="0"/>
  <testcase classname="edu.ceng.TestMain" name="test1" time="0.016"/>
  <testcase classname="edu.ceng.TestMain" name="test2" time="0.015"/>
  <testcase classname="edu.ceng.TestMain" name="test3" time="0"/>
  <testcase classname="edu.ceng.TestMain" name="test4" time="0"/>
  <testcase classname="edu.ceng.TestMain" name="test5" time="0"/>
  <testcase classname="edu.ceng.TestMain" name="test6" time="0"/>
  <testcase classname="edu.ceng.TestMain" name="test7" time="0"/>
  <testcase classname="edu.ceng.TestMain" name="test8" time="0"/>
  <testcase classname="edu.ceng.TestMain" name="test9" time="0"/>
</testsuite>